<?xml version="1.0" encoding="UTF-8" ?>
<testsuite errors="0" failures="3" hostname="pci071" name="ClassesTeste.UtilizadorTest" tests="3" time="0.063" timestamp="2009-03-26T14:37:17">
  <properties>
[...]
</properties>
  <testcase classname="ClassesTeste.UtilizadorTest" name="testGetNome" time="0.016">
    <failure message="The test case is a prototype." type="junit.framework.AssertionFailedError">junit.framework.AssertionFailedError: The test case is a prototype.
	at ClassesTeste.UtilizadorTest.testGetNome(UtilizadorTest.java:51)
</failure>
  </testcase>
  <testcase classname="ClassesTeste.UtilizadorTest" name="testGetPassword" time="0.0">
    <failure message="The test case is a prototype." type="junit.framework.AssertionFailedError">junit.framework.AssertionFailedError: The test case is a prototype.
	at ClassesTeste.UtilizadorTest.testGetPassword(UtilizadorTest.java:65)
</failure>
  </testcase>
  <testcase classname="ClassesTeste.UtilizadorTest" name="testGerarPassword" time="0.0">
    <failure message="The test case is a prototype." type="junit.framework.AssertionFailedError">junit.framework.AssertionFailedError: The test case is a prototype.
	at ClassesTeste.UtilizadorTest.testGerarPassword(UtilizadorTest.java:78)
</failure>
  </testcase>
  <system-out><![CDATA[getNome
getPassword
gerarPassword
]]></system-out>
  <system-err><![CDATA[]]></system-err>
</testsuite>
